Start testing: Nov 24 15:56 Rom, normaltid
----------------------------------------------------------
1/1 Testing: usage_test
1/1 Test: usage_test
Command: "C:/Users/Andreas/Desktop/VSCode/Afleveringer/assignment-12-Andreas691667-1/build/tests/tests.exe"
Directory: C:/Users/Andreas/Desktop/VSCode/Afleveringer/assignment-12-Andreas691667-1/build/tests
"usage_test" start time: Nov 24 15:56 Rom, normaltid
Output:
----------------------------------------------------------
===============================================================================
All tests passed (13 assertions in 1 test case)

<end of output>
Test time =   0.01 sec
----------------------------------------------------------
Test Passed.
"usage_test" end time: Nov 24 15:56 Rom, normaltid
"usage_test" time elapsed: 00:00:00
----------------------------------------------------------

End testing: Nov 24 15:56 Rom, normaltid
